<?xml version="1.0" encoding="UTF-8"?>
<testsuite name="GoFishTest" tests="1" skipped="0" failures="0" errors="0" timestamp="2016-04-28T22:13:34" hostname="epicodus-31.local" time="0.002">
  <properties/>
  <testcase name="player1GetsACard" classname="GoFishTest" time="0.002"/>
  <system-out><![CDATA[6 of Diamonds
4 of Clubs
7 of Spades
6 of Clubs
10 of Spades
]]></system-out>
  <system-err><![CDATA[]]></system-err>
</testsuite>
