<?xml version="1.0" encoding="UTF-8"?>
<testsuite name="DeckTest" tests="5" skipped="0" failures="0" errors="0" timestamp="2016-04-28T22:13:34" hostname="epicodus-31.local" time="0.0">
  <properties/>
  <testcase name="getCards_deckContains52Cards_52" classname="DeckTest" time="0.0"/>
  <testcase name="getCards_initializesWithCardsList_true" classname="DeckTest" time="0.0"/>
  <testcase name="deck_initializesCorrectly" classname="DeckTest" time="0.0"/>
  <testcase name="getCards_cardsAreInitializedWithSuitAndValue_AceOfSpades" classname="DeckTest" time="0.0"/>
  <testcase name="getCards_deckContains52DifferentCards_kingOfDiamonds" classname="DeckTest" time="0.0"/>
  <system-out><![CDATA[]]></system-out>
  <system-err><![CDATA[]]></system-err>
</testsuite>
